[01m[K/home/anatoly/ros2_ws/src/kinect_ros2/src/kinect_ros2_component.cpp:221:10:[m[K [01;31m[Kfatal error: [m[Krclcpp_components/register_node_macro.hpp: No such file or directory
  221 | #include [01;31m[K"rclcpp_components/register_node_macro.hpp"[m[K
      |          [01;31m[K^~~~~~~~~~~~~~~~~~~~~~~~~~~~~~~~~~~~~~~~~~~[m[K
compilation terminated.
gmake[2]: *** [CMakeFiles/kinect_ros2_component.dir/build.make:76: CMakeFiles/kinect_ros2_component.dir/src/kinect_ros2_component.cpp.o] Error 1
gmake[1]: *** [CMakeFiles/Makefile2:137: CMakeFiles/kinect_ros2_component.dir/all] Error 2
gmake: *** [Makefile:146: all] Error 2
