In file included from [01m[K/home/anatoly/ros2_ws/src/KinectV1-Ros2/src/kinect_ros2/src/kinect_ros2_component.cpp:3[m[K:
[01m[K/home/anatoly/ros2_ws/src/KinectV1-Ros2/src/kinect_ros2/include/kinect_ros2/kinect_ros2_component.hpp:6:10:[m[K [01;31m[Kfatal error: [m[Kcv_bridge/cv_bridge.h: No such file or directory
    6 | #include [01;31m[K<cv_bridge/cv_bridge.h>[m[K
      |          [01;31m[K^~~~~~~~~~~~~~~~~~~~~~~[m[K
compilation terminated.
gmake[2]: *** [CMakeFiles/kinect_ros2_node.dir/build.make:90: CMakeFiles/kinect_ros2_node.dir/src/kinect_ros2_component.cpp.o] Error 1
gmake[2]: *** Waiting for unfinished jobs....
In file included from [01m[K/home/anatoly/ros2_ws/src/KinectV1-Ros2/src/kinect_ros2/src/kinect_ros2_node.cpp:2[m[K:
[01m[K/home/anatoly/ros2_ws/src/KinectV1-Ros2/src/kinect_ros2/include/kinect_ros2/kinect_ros2_component.hpp:6:10:[m[K [01;31m[Kfatal error: [m[Kcv_bridge/cv_bridge.h: No such file or directory
    6 | #include [01;31m[K<cv_bridge/cv_bridge.h>[m[K
      |          [01;31m[K^~~~~~~~~~~~~~~~~~~~~~~[m[K
compilation terminated.
gmake[2]: *** [CMakeFiles/kinect_ros2_node.dir/build.make:76: CMakeFiles/kinect_ros2_node.dir/src/kinect_ros2_node.cpp.o] Error 1
gmake[1]: *** [CMakeFiles/Makefile2:137: CMakeFiles/kinect_ros2_node.dir/all] Error 2
gmake: *** [Makefile:146: all] Error 2
