[0.028s] Invoking command in '/home/anatoly/ros2_ws/build/kinect_ros2': CMAKE_PREFIX_PATH=${CMAKE_PREFIX_PATH}:/home/anatoly/ros2_ws/install/twist_converter:/home/anatoly/ros2_ws/install/my_path_publisher:/home/anatoly/ros2_ws/install/my_fake_lidar:/opt/ros/jazzy DEBUGINFOD_URLS=https://debuginfod.ubuntu.com /usr/bin/cmake /home/anatoly/ros2_ws/src/KinectV1-Ros2/src/kinect_ros2 -DCMAKE_INSTALL_PREFIX=/home/anatoly/ros2_ws/install/kinect_ros2
[0.252s] -- The C compiler identification is GNU 13.3.0
[0.431s] -- The CXX compiler identification is GNU 13.3.0
[0.477s] -- Detecting C compiler ABI info
[0.819s] -- Detecting C compiler ABI info - done
[0.854s] -- Check for working C compiler: /usr/bin/cc - skipped
[0.854s] -- Detecting C compile features
[0.855s] -- Detecting C compile features - done
[0.880s] -- Detecting CXX compiler ABI info
[1.205s] -- Detecting CXX compiler ABI info - done
[1.251s] -- Check for working CXX compiler: /usr/bin/c++ - skipped
[1.251s] -- Detecting CXX compile features
[1.255s] -- Detecting CXX compile features - done
[1.267s] -- Found camera_info_manager: 5.1.7 (/opt/ros/jazzy/share/camera_info_manager/cmake)
[1.800s] -- Found Python3: /usr/bin/python3 (found version "3.12.3") found components: Interpreter 
[2.404s] -- Found rosidl_generator_c: 4.6.6 (/opt/ros/jazzy/share/rosidl_generator_c/cmake)
[2.464s] -- Found rosidl_generator_cpp: 4.6.6 (/opt/ros/jazzy/share/rosidl_generator_cpp/cmake)
[2.535s] -- Using all available rosidl_typesupport_c: rosidl_typesupport_fastrtps_c;rosidl_typesupport_introspection_c
[2.612s] -- Using all available rosidl_typesupport_cpp: rosidl_typesupport_fastrtps_cpp;rosidl_typesupport_introspection_cpp
[2.929s] -- Found rmw_implementation_cmake: 7.3.2 (/opt/ros/jazzy/share/rmw_implementation_cmake/cmake)
[2.943s] -- Found rmw_fastrtps_cpp: 8.4.3 (/opt/ros/jazzy/share/rmw_fastrtps_cpp/cmake)
[3.228s] -- Found OpenSSL: /usr/lib/x86_64-linux-gnu/libcrypto.so (found version "3.0.13")  
[3.293s] -- Found FastRTPS: /opt/ros/jazzy/include (Required is at least version "2.13") 
[3.379s] -- Using RMW implementation 'rmw_fastrtps_cpp' as default
[3.996s] -- Setting yaml-cpp_DIR to: '/opt/ros/jazzy/share/yaml_cpp_vendor/cmake/../../../opt/yaml_cpp_vendor/share/cmake/yaml-cpp'
[4.176s] -- Found rclcpp_components: 28.1.12 (/opt/ros/jazzy/share/rclcpp_components/cmake)
[4.421s] -- Found image_transport: 5.1.7 (/opt/ros/jazzy/share/image_transport/cmake)
[4.585s] -- Found cv_bridge: 4.1.0 (/opt/ros/jazzy/share/cv_bridge/cmake)
[4.645s] -- Found tf2_ros: 0.36.14 (/opt/ros/jazzy/share/tf2_ros/cmake)
[5.391s] -- Configuring done (5.3s)
[5.452s] -- Generating done (0.0s)
[5.469s] -- Build files have been written to: /home/anatoly/ros2_ws/build/kinect_ros2
[5.514s] Invoked command in '/home/anatoly/ros2_ws/build/kinect_ros2' returned '0': CMAKE_PREFIX_PATH=${CMAKE_PREFIX_PATH}:/home/anatoly/ros2_ws/install/twist_converter:/home/anatoly/ros2_ws/install/my_path_publisher:/home/anatoly/ros2_ws/install/my_fake_lidar:/opt/ros/jazzy DEBUGINFOD_URLS=https://debuginfod.ubuntu.com /usr/bin/cmake /home/anatoly/ros2_ws/src/KinectV1-Ros2/src/kinect_ros2 -DCMAKE_INSTALL_PREFIX=/home/anatoly/ros2_ws/install/kinect_ros2
[5.514s] Invoking command in '/home/anatoly/ros2_ws/build/kinect_ros2': CMAKE_PREFIX_PATH=${CMAKE_PREFIX_PATH}:/home/anatoly/ros2_ws/install/twist_converter:/home/anatoly/ros2_ws/install/my_path_publisher:/home/anatoly/ros2_ws/install/my_fake_lidar:/opt/ros/jazzy DEBUGINFOD_URLS=https://debuginfod.ubuntu.com /usr/bin/cmake --build /home/anatoly/ros2_ws/build/kinect_ros2 -- -j2 -l2
[5.661s] [ 25%] [32mBuilding CXX object CMakeFiles/kinect_ros2_node.dir/src/kinect_ros2_component.cpp.o[0m
[5.704s] [ 50%] [32mBuilding CXX object CMakeFiles/kinect_ros2_node.dir/src/kinect_ros2_node.cpp.o[0m
[7.751s] In file included from [01m[K/home/anatoly/ros2_ws/src/KinectV1-Ros2/src/kinect_ros2/src/kinect_ros2_component.cpp:3[m[K:
[7.751s] [01m[K/home/anatoly/ros2_ws/src/KinectV1-Ros2/src/kinect_ros2/include/kinect_ros2/kinect_ros2_component.hpp:6:10:[m[K [01;31m[Kfatal error: [m[Kcv_bridge/cv_bridge.h: No such file or directory
[7.752s]     6 | #include [01;31m[K<cv_bridge/cv_bridge.h>[m[K
[7.752s]       |          [01;31m[K^~~~~~~~~~~~~~~~~~~~~~~[m[K
[7.752s] compilation terminated.
[7.762s] gmake[2]: *** [CMakeFiles/kinect_ros2_node.dir/build.make:90: CMakeFiles/kinect_ros2_node.dir/src/kinect_ros2_component.cpp.o] Error 1
[7.764s] gmake[2]: *** Waiting for unfinished jobs....
[7.810s] In file included from [01m[K/home/anatoly/ros2_ws/src/KinectV1-Ros2/src/kinect_ros2/src/kinect_ros2_node.cpp:2[m[K:
[7.810s] [01m[K/home/anatoly/ros2_ws/src/KinectV1-Ros2/src/kinect_ros2/include/kinect_ros2/kinect_ros2_component.hpp:6:10:[m[K [01;31m[Kfatal error: [m[Kcv_bridge/cv_bridge.h: No such file or directory
[7.810s]     6 | #include [01;31m[K<cv_bridge/cv_bridge.h>[m[K
[7.810s]       |          [01;31m[K^~~~~~~~~~~~~~~~~~~~~~~[m[K
[7.810s] compilation terminated.
[7.819s] gmake[2]: *** [CMakeFiles/kinect_ros2_node.dir/build.make:76: CMakeFiles/kinect_ros2_node.dir/src/kinect_ros2_node.cpp.o] Error 1
[7.819s] gmake[1]: *** [CMakeFiles/Makefile2:137: CMakeFiles/kinect_ros2_node.dir/all] Error 2
[7.819s] gmake: *** [Makefile:146: all] Error 2
[7.825s] Invoked command in '/home/anatoly/ros2_ws/build/kinect_ros2' returned '2': CMAKE_PREFIX_PATH=${CMAKE_PREFIX_PATH}:/home/anatoly/ros2_ws/install/twist_converter:/home/anatoly/ros2_ws/install/my_path_publisher:/home/anatoly/ros2_ws/install/my_fake_lidar:/opt/ros/jazzy DEBUGINFOD_URLS=https://debuginfod.ubuntu.com /usr/bin/cmake --build /home/anatoly/ros2_ws/build/kinect_ros2 -- -j2 -l2
