[0.031s] Invoking command in '/home/anatoly/ros2_ws/build/kinect_ros2': CMAKE_PREFIX_PATH=${CMAKE_PREFIX_PATH}:/home/anatoly/ros2_ws/install/twist_converter:/home/anatoly/ros2_ws/install/my_path_publisher:/home/anatoly/ros2_ws/install/my_fake_lidar:/opt/ros/jazzy DEBUGINFOD_URLS=https://debuginfod.ubuntu.com /usr/bin/cmake --build /home/anatoly/ros2_ws/build/kinect_ros2 -- -j2 -l2
[0.111s] -- Found camera_info_manager: 5.1.7 (/opt/ros/jazzy/share/camera_info_manager/cmake)
[0.935s] -- Found rosidl_generator_c: 4.6.6 (/opt/ros/jazzy/share/rosidl_generator_c/cmake)
[0.966s] -- Found rosidl_generator_cpp: 4.6.6 (/opt/ros/jazzy/share/rosidl_generator_cpp/cmake)
[1.014s] -- Using all available rosidl_typesupport_c: rosidl_typesupport_fastrtps_c;rosidl_typesupport_introspection_c
[1.059s] -- Using all available rosidl_typesupport_cpp: rosidl_typesupport_fastrtps_cpp;rosidl_typesupport_introspection_cpp
[1.272s] -- Found rmw_implementation_cmake: 7.3.2 (/opt/ros/jazzy/share/rmw_implementation_cmake/cmake)
[1.277s] -- Found rmw_fastrtps_cpp: 8.4.3 (/opt/ros/jazzy/share/rmw_fastrtps_cpp/cmake)
[1.492s] -- Using RMW implementation 'rmw_fastrtps_cpp' as default
[1.900s] -- Setting yaml-cpp_DIR to: '/opt/ros/jazzy/share/yaml_cpp_vendor/cmake/../../../opt/yaml_cpp_vendor/share/cmake/yaml-cpp'
[2.023s] -- Found rclcpp_components: 28.1.12 (/opt/ros/jazzy/share/rclcpp_components/cmake)
[2.166s] -- Found image_transport: 5.1.7 (/opt/ros/jazzy/share/image_transport/cmake)
[2.204s] -- Found cv_bridge: 4.1.0 (/opt/ros/jazzy/share/cv_bridge/cmake)
[2.237s] -- Found tf2_ros: 0.36.14 (/opt/ros/jazzy/share/tf2_ros/cmake)
[2.802s] -- Configuring done (2.7s)
[2.851s] -- Generating done (0.0s)
[2.867s] -- Build files have been written to: /home/anatoly/ros2_ws/build/kinect_ros2
[2.994s] [ 25%] [32mBuilding CXX object CMakeFiles/kinect_ros2_node.dir/src/kinect_ros2_component.cpp.o[0m
[2.994s] [ 50%] [32mBuilding CXX object CMakeFiles/kinect_ros2_node.dir/src/kinect_ros2_node.cpp.o[0m
[4.094s] In file included from [01m[K/home/anatoly/ros2_ws/src/KinectV1-Ros2/src/kinect_ros2/src/kinect_ros2_component.cpp:3[m[K:
[4.095s] [01m[K/home/anatoly/ros2_ws/src/KinectV1-Ros2/src/kinect_ros2/include/kinect_ros2/kinect_ros2_component.hpp:6:10:[m[K [01;31m[Kfatal error: [m[Kcv_bridge/cv_bridge.h: No such file or directory
[4.095s]     6 | #include [01;31m[K<cv_bridge/cv_bridge.h>[m[K
[4.096s]       |          [01;31m[K^~~~~~~~~~~~~~~~~~~~~~~[m[K
[4.096s] compilation terminated.
[4.104s] gmake[2]: *** [CMakeFiles/kinect_ros2_node.dir/build.make:90: CMakeFiles/kinect_ros2_node.dir/src/kinect_ros2_component.cpp.o] Error 1
[4.104s] gmake[2]: *** Waiting for unfinished jobs....
[4.547s] In file included from [01m[K/home/anatoly/ros2_ws/src/KinectV1-Ros2/src/kinect_ros2/src/kinect_ros2_node.cpp:2[m[K:
[4.549s] [01m[K/home/anatoly/ros2_ws/src/KinectV1-Ros2/src/kinect_ros2/include/kinect_ros2/kinect_ros2_component.hpp:6:10:[m[K [01;31m[Kfatal error: [m[Kcv_bridge/cv_bridge.h: No such file or directory
[4.549s]     6 | #include [01;31m[K<cv_bridge/cv_bridge.h>[m[K
[4.550s]       |          [01;31m[K^~~~~~~~~~~~~~~~~~~~~~~[m[K
[4.550s] compilation terminated.
[4.563s] gmake[2]: *** [CMakeFiles/kinect_ros2_node.dir/build.make:76: CMakeFiles/kinect_ros2_node.dir/src/kinect_ros2_node.cpp.o] Error 1
[4.569s] gmake[1]: *** [CMakeFiles/Makefile2:137: CMakeFiles/kinect_ros2_node.dir/all] Error 2
[4.569s] gmake: *** [Makefile:146: all] Error 2
[4.574s] Invoked command in '/home/anatoly/ros2_ws/build/kinect_ros2' returned '2': CMAKE_PREFIX_PATH=${CMAKE_PREFIX_PATH}:/home/anatoly/ros2_ws/install/twist_converter:/home/anatoly/ros2_ws/install/my_path_publisher:/home/anatoly/ros2_ws/install/my_fake_lidar:/opt/ros/jazzy DEBUGINFOD_URLS=https://debuginfod.ubuntu.com /usr/bin/cmake --build /home/anatoly/ros2_ws/build/kinect_ros2 -- -j2 -l2
