In file included from [01m[K/home/anatoly/ros2_ws/src/kinect_ros2/src/kinect_ros2_component.cpp:3[m[K:
[01m[K/home/anatoly/ros2_ws/src/kinect_ros2/include/kinect_ros2/kinect_ros2_component.hpp:17:10:[m[K [01;31m[Kfatal error: [m[Ktf2_ros/static_transform_broadcaster.hpp: No such file or directory
   17 | #include [01;31m[K<tf2_ros/static_transform_broadcaster.hpp>[m[K
      |          [01;31m[K^~~~~~~~~~~~~~~~~~~~~~~~~~~~~~~~~~~~~~~~~~[m[K
compilation terminated.
gmake[2]: *** [CMakeFiles/kinect_ros2_component.dir/build.make:76: CMakeFiles/kinect_ros2_component.dir/src/kinect_ros2_component.cpp.o] Error 1
gmake[1]: *** [CMakeFiles/Makefile2:137: CMakeFiles/kinect_ros2_component.dir/all] Error 2
gmake: *** [Makefile:146: all] Error 2
